{"C:\\Users\\dell\\Documents\\GitHub\\todo-list\\src\\modules\\variables.js": {"path":"C:\\Users\\dell\\Documents\\GitHub\\todo-list\\src\\modules\\variables.js","statementMap":{"0":{"start":{"line":1,"column":25},"end":{"line":1,"column":61}},"1":{"start":{"line":2,"column":24},"end":{"line":2,"column":58}},"2":{"start":{"line":3,"column":22},"end":{"line":3,"column":53}}},"fnMap":{},"branchMap":{},"s":{"0":1,"1":1,"2":1},"f":{},"b":{},"_coverageSchema":"1a1c01bbd47fc00a2c39e90264f33305004495a9","hash":"005823c06831ae3530bdd0f357452fe8c1b6091c"}
}
